{"uuid":"d30d65cc-b1f3-4ec3-9b71-f0390c209be0","historyId":"a24ac9883edb76fe9cc5a1697d6822d3","fullName":"io.cucumber.testng.AbstractTestNGCucumberTests.setUpClass","labels":[{"name":"package","value":"TestRunner"},{"name":"testClass","value":"TestRunner"},{"name":"testMethod","value":"setUpClass"},{"name":"parentSuite","value":"Default Suite"},{"name":"suite","value":"demo"},{"name":"subSuite","value":"TestRunner"},{"name":"host","value":"OrkhanG-IT"},{"name":"thread","value":"26772@OrkhanG-IT.main(1)"},{"name":"framework","value":"testng"},{"name":"language","value":"java"},{"name":"AS_ID","value":"-1"}],"links":[],"name":"setUpClass","status":"broken","statusDetails":{"known":false,"muted":false,"flaky":false,"message":"classpath: features/Api.feature is not valid. Try <uri or path>/<name>.feature[:LINE]*","trace":"java.lang.IllegalArgumentException: classpath: features/Api.feature is not valid. Try <uri or path>/<name>.feature[:LINE]*\r\n\tat io.cucumber.core.feature.FeatureWithLines.parse(FeatureWithLines.java:46)\r\n\tat io.cucumber.core.options.FeatureWithLinesOrRerunPath.parse(FeatureWithLinesOrRerunPath.java:50)\r\n\tat io.cucumber.core.options.CucumberOptionsAnnotationParser.addFeatures(CucumberOptionsAnnotationParser.java:133)\r\n\tat io.cucumber.core.options.CucumberOptionsAnnotationParser.parse(CucumberOptionsAnnotationParser.java:44)\r\n\tat io.cucumber.testng.TestNGCucumberRunner.<init>(TestNGCucumberRunner.java:85)\r\n\tat io.cucumber.testng.AbstractTestNGCucumberTests.setUpClass(AbstractTestNGCucumberTests.java:27)\r\n\tat java.base/jdk.internal.reflect.DirectMethodHandleAccessor.invoke(DirectMethodHandleAccessor.java:103)\r\n\tat java.base/java.lang.reflect.Method.invoke(Method.java:580)\r\n\tat org.testng.internal.invokers.MethodInvocationHelper.invokeMethod(MethodInvocationHelper.java:139)\r\n\tat org.testng.internal.invokers.MethodInvocationHelper.invokeMethodConsideringTimeout(MethodInvocationHelper.java:69)\r\n\tat org.testng.internal.invokers.ConfigInvoker.invokeConfigurationMethod(ConfigInvoker.java:361)\r\n\tat org.testng.internal.invokers.ConfigInvoker.invokeConfigurations(ConfigInvoker.java:296)\r\n\tat org.testng.internal.invokers.TestMethodWorker.invokeBeforeClassMethods(TestMethodWorker.java:180)\r\n\tat org.testng.internal.invokers.TestMethodWorker.run(TestMethodWorker.java:122)\r\n\tat java.base/java.util.ArrayList.forEach(ArrayList.java:1597)\r\n\tat org.testng.TestRunner.privateRun(TestRunner.java:829)\r\n\tat org.testng.TestRunner.run(TestRunner.java:602)\r\n\tat org.testng.SuiteRunner.runTest(SuiteRunner.java:437)\r\n\tat org.testng.SuiteRunner.runSequentially(SuiteRunner.java:431)\r\n\tat org.testng.SuiteRunner.privateRun(SuiteRunner.java:391)\r\n\tat org.testng.SuiteRunner.run(SuiteRunner.java:330)\r\n\tat org.testng.SuiteRunnerWorker.runSuite(SuiteRunnerWorker.java:52)\r\n\tat org.testng.SuiteRunnerWorker.run(SuiteRunnerWorker.java:95)\r\n\tat org.testng.TestNG.runSuitesSequentially(TestNG.java:1256)\r\n\tat org.testng.TestNG.runSuitesLocally(TestNG.java:1176)\r\n\tat org.testng.TestNG.runSuites(TestNG.java:1099)\r\n\tat org.testng.TestNG.run(TestNG.java:1067)\r\n\tat com.intellij.rt.testng.IDEARemoteTestNG.run(IDEARemoteTestNG.java:65)\r\n\tat com.intellij.rt.testng.RemoteTestNGStarter.main(RemoteTestNGStarter.java:105)\r\nCaused by: java.lang.IllegalArgumentException: Illegal character in opaque part at index 10: classpath: features/Api.feature\r\n\tat java.base/java.net.URI.create(URI.java:932)\r\n\tat io.cucumber.core.feature.FeaturePath.parseProbableURI(FeaturePath.java:90)\r\n\tat io.cucumber.core.feature.FeaturePath.parse(FeaturePath.java:56)\r\n\tat io.cucumber.core.feature.FeatureWithLines.parseFeaturePath(FeatureWithLines.java:62)\r\n\tat io.cucumber.core.feature.FeatureWithLines.parse(FeatureWithLines.java:43)\r\n\t... 28 more\r\nCaused by: java.net.URISyntaxException: Illegal character in opaque part at index 10: classpath: features/Api.feature\r\n\tat java.base/java.net.URI$Parser.fail(URI.java:2995)\r\n\tat java.base/java.net.URI$Parser.checkChars(URI.java:3166)\r\n\tat java.base/java.net.URI$Parser.parse(URI.java:3202)\r\n\tat java.base/java.net.URI.<init>(URI.java:645)\r\n\tat java.base/java.net.URI.create(URI.java:930)\r\n\t... 32 more\r\n"},"stage":"finished","steps":[],"attachments":[],"parameters":[],"start":1716463738939,"stop":1716463738941}